c:\users\awsle\desktop\wolfssl-5.5.4\debug\x64\wolfssl.pdb
c:\users\awsle\desktop\wolfssl-5.5.4\debug\x64\wolfssl_obj\coding.obj
c:\users\awsle\desktop\wolfssl-5.5.4\debug\x64\wolfssl_obj\cmac.obj
c:\users\awsle\desktop\wolfssl-5.5.4\debug\x64\wolfssl_obj\chacha20_poly1305.obj
c:\users\awsle\desktop\wolfssl-5.5.4\debug\x64\wolfssl_obj\chacha.obj
c:\users\awsle\desktop\wolfssl-5.5.4\debug\x64\wolfssl_obj\camellia.obj
c:\users\awsle\desktop\wolfssl-5.5.4\debug\x64\wolfssl_obj\blake2s.obj
c:\users\awsle\desktop\wolfssl-5.5.4\debug\x64\wolfssl_obj\blake2b.obj
c:\users\awsle\desktop\wolfssl-5.5.4\debug\x64\wolfssl_obj\asn.obj
c:\users\awsle\desktop\wolfssl-5.5.4\debug\x64\wolfssl_obj\arc4.obj
c:\users\awsle\desktop\wolfssl-5.5.4\debug\x64\wolfssl_obj\aes.obj
c:\users\awsle\desktop\wolfssl-5.5.4\debug\x64\wolfssl_obj\tls13.obj
c:\users\awsle\desktop\wolfssl-5.5.4\debug\x64\wolfssl_obj\tls.obj
c:\users\awsle\desktop\wolfssl-5.5.4\debug\x64\wolfssl_obj\ssl.obj
c:\users\awsle\desktop\wolfssl-5.5.4\debug\x64\wolfssl_obj\ocsp.obj
c:\users\awsle\desktop\wolfssl-5.5.4\debug\x64\wolfssl_obj\keys.obj
c:\users\awsle\desktop\wolfssl-5.5.4\debug\x64\wolfssl_obj\wolfio.obj
c:\users\awsle\desktop\wolfssl-5.5.4\debug\x64\wolfssl_obj\internal.obj
c:\users\awsle\desktop\wolfssl-5.5.4\debug\x64\wolfssl_obj\dtls.obj
c:\users\awsle\desktop\wolfssl-5.5.4\debug\x64\wolfssl_obj\dtls13.obj
c:\users\awsle\desktop\wolfssl-5.5.4\debug\x64\wolfssl_obj\crl.obj
c:\users\awsle\desktop\wolfssl-5.5.4\debug\x64\wolfssl_obj\kdf.obj
c:\users\awsle\desktop\wolfssl-5.5.4\debug\x64\wolfssl_obj\integer.obj
c:\users\awsle\desktop\wolfssl-5.5.4\debug\x64\wolfssl_obj\hmac.obj
c:\users\awsle\desktop\wolfssl-5.5.4\debug\x64\wolfssl_obj\hash.obj
c:\users\awsle\desktop\wolfssl-5.5.4\debug\x64\wolfssl_obj\ge_operations.obj
c:\users\awsle\desktop\wolfssl-5.5.4\debug\x64\wolfssl_obj\ge_low_mem.obj
c:\users\awsle\desktop\wolfssl-5.5.4\debug\x64\wolfssl_obj\ge_448.obj
c:\users\awsle\desktop\wolfssl-5.5.4\debug\x64\wolfssl_obj\fe_operations.obj
c:\users\awsle\desktop\wolfssl-5.5.4\debug\x64\wolfssl_obj\fe_low_mem.obj
c:\users\awsle\desktop\wolfssl-5.5.4\debug\x64\wolfssl_obj\fe_448.obj
c:\users\awsle\desktop\wolfssl-5.5.4\debug\x64\wolfssl_obj\error.obj
c:\users\awsle\desktop\wolfssl-5.5.4\debug\x64\wolfssl_obj\ed448.obj
c:\users\awsle\desktop\wolfssl-5.5.4\debug\x64\wolfssl_obj\ed25519.obj
c:\users\awsle\desktop\wolfssl-5.5.4\debug\x64\wolfssl_obj\ecc.obj
c:\users\awsle\desktop\wolfssl-5.5.4\debug\x64\wolfssl_obj\dsa.obj
c:\users\awsle\desktop\wolfssl-5.5.4\debug\x64\wolfssl_obj\dh.obj
c:\users\awsle\desktop\wolfssl-5.5.4\debug\x64\wolfssl_obj\des3.obj
c:\users\awsle\desktop\wolfssl-5.5.4\debug\x64\wolfssl_obj\cpuid.obj
c:\users\awsle\desktop\wolfssl-5.5.4\debug\x64\wolfssl_obj\curve448.obj
c:\users\awsle\desktop\wolfssl-5.5.4\debug\x64\wolfssl_obj\curve25519.obj
c:\users\awsle\desktop\wolfssl-5.5.4\debug\x64\wolfssl_obj\sp_c64.obj
c:\users\awsle\desktop\wolfssl-5.5.4\debug\x64\wolfssl_obj\sp_c32.obj
c:\users\awsle\desktop\wolfssl-5.5.4\debug\x64\wolfssl_obj\signature.obj
c:\users\awsle\desktop\wolfssl-5.5.4\debug\x64\wolfssl_obj\sha512.obj
c:\users\awsle\desktop\wolfssl-5.5.4\debug\x64\wolfssl_obj\sha3.obj
c:\users\awsle\desktop\wolfssl-5.5.4\debug\x64\wolfssl_obj\sha256.obj
c:\users\awsle\desktop\wolfssl-5.5.4\debug\x64\wolfssl_obj\sha.obj
c:\users\awsle\desktop\wolfssl-5.5.4\debug\x64\wolfssl_obj\rsa.obj
c:\users\awsle\desktop\wolfssl-5.5.4\debug\x64\wolfssl_obj\ripemd.obj
c:\users\awsle\desktop\wolfssl-5.5.4\debug\x64\wolfssl_obj\rc2.obj
c:\users\awsle\desktop\wolfssl-5.5.4\debug\x64\wolfssl_obj\random.obj
c:\users\awsle\desktop\wolfssl-5.5.4\debug\x64\wolfssl_obj\pwdbased.obj
c:\users\awsle\desktop\wolfssl-5.5.4\debug\x64\wolfssl_obj\poly1305.obj
c:\users\awsle\desktop\wolfssl-5.5.4\debug\x64\wolfssl_obj\pkcs12.obj
c:\users\awsle\desktop\wolfssl-5.5.4\debug\x64\wolfssl_obj\pkcs7.obj
c:\users\awsle\desktop\wolfssl-5.5.4\debug\x64\wolfssl_obj\memory.obj
c:\users\awsle\desktop\wolfssl-5.5.4\debug\x64\wolfssl_obj\md5.obj
c:\users\awsle\desktop\wolfssl-5.5.4\debug\x64\wolfssl_obj\md4.obj
c:\users\awsle\desktop\wolfssl-5.5.4\debug\x64\wolfssl_obj\md2.obj
c:\users\awsle\desktop\wolfssl-5.5.4\debug\x64\wolfssl_obj\logging.obj
c:\users\awsle\desktop\wolfssl-5.5.4\debug\x64\wolfssl_obj\wolfevent.obj
c:\users\awsle\desktop\wolfssl-5.5.4\debug\x64\wolfssl_obj\wolfmath.obj
c:\users\awsle\desktop\wolfssl-5.5.4\debug\x64\wolfssl_obj\wc_port.obj
c:\users\awsle\desktop\wolfssl-5.5.4\debug\x64\wolfssl_obj\wc_pkcs11.obj
c:\users\awsle\desktop\wolfssl-5.5.4\debug\x64\wolfssl_obj\wc_encrypt.obj
c:\users\awsle\desktop\wolfssl-5.5.4\debug\x64\wolfssl_obj\tfm.obj
c:\users\awsle\desktop\wolfssl-5.5.4\debug\x64\wolfssl_obj\srp.obj
c:\users\awsle\desktop\wolfssl-5.5.4\debug\x64\wolfssl_obj\sp_x86_64.obj
c:\users\awsle\desktop\wolfssl-5.5.4\debug\x64\wolfssl_obj\sp_int.obj
c:\users\awsle\desktop\wolfssl-5.5.4\debug\x64\wolfssl_obj\main.obj
c:\users\awsle\desktop\wolfssl-5.5.4\debug\x64\aes_asm.obj
c:\users\awsle\desktop\wolfssl-5.5.4\debug\x64\sp_x86_64_asm.obj
c:\users\awsle\desktop\wolfssl-5.5.4\debug\x64\wolfssl.lib
c:\users\awsle\desktop\wolfssl-5.5.4\debug\x64\wolfssl_obj\wolfssl.tlog\cl.command.1.tlog
c:\users\awsle\desktop\wolfssl-5.5.4\debug\x64\wolfssl_obj\wolfssl.tlog\cl.read.1.tlog
c:\users\awsle\desktop\wolfssl-5.5.4\debug\x64\wolfssl_obj\wolfssl.tlog\cl.write.1.tlog
c:\users\awsle\desktop\wolfssl-5.5.4\debug\x64\wolfssl_obj\wolfssl.tlog\custombuild.command.1.tlog
c:\users\awsle\desktop\wolfssl-5.5.4\debug\x64\wolfssl_obj\wolfssl.tlog\custombuild.read.1.tlog
c:\users\awsle\desktop\wolfssl-5.5.4\debug\x64\wolfssl_obj\wolfssl.tlog\custombuild.write.1.tlog
c:\users\awsle\desktop\wolfssl-5.5.4\debug\x64\wolfssl_obj\wolfssl.tlog\lib-link.read.1.tlog
c:\users\awsle\desktop\wolfssl-5.5.4\debug\x64\wolfssl_obj\wolfssl.tlog\lib-link.write.1.tlog
c:\users\awsle\desktop\wolfssl-5.5.4\debug\x64\wolfssl_obj\wolfssl.tlog\lib.command.1.tlog
