  Performing Custom Build Tools
  Microsoft (R) Macro Assembler (x64) Version 14.34.31937.0
  Copyright (C) Microsoft Corporation.  All rights reserved.
  
   Assembling: wolfcrypt\src\aes_asm.asm
  Performing Custom Build Tools
  Microsoft (R) Macro Assembler (x64) Version 14.34.31937.0
  Copyright (C) Microsoft Corporation.  All rights reserved.
  
   Assembling: wolfcrypt\src\sp_x86_64_asm.asm
  main.c
C:\Users\awsle\Desktop\wolfssl-5.5.4\main.c(4,10): warning C4047: 'function': 'const char *const ' differs in levels of indirection from 'int'
C:\Users\awsle\Desktop\wolfssl-5.5.4\main.c(4,9): warning C4024: 'printf': different types for formal and actual parameter 1
  crl.c
  dtls13.c
  dtls.c
  internal.c
  wolfio.c
  keys.c
  ocsp.c
  ssl.c
  tls.c
  tls13.c
  aes.c
  arc4.c
  asn.c
  blake2b.c
  blake2s.c
  camellia.c
  chacha.c
  chacha20_poly1305.c
  cmac.c
  Generating Code...
  Compiling...
  coding.c
  curve25519.c
  curve448.c
  cpuid.c
  des3.c
  dh.c
  dsa.c
  ecc.c
  ed25519.c
  ed448.c
  error.c
  fe_448.c
  fe_low_mem.c
  fe_operations.c
  ge_448.c
  ge_low_mem.c
  ge_operations.c
  hash.c
  hmac.c
  integer.c
  Generating Code...
  Compiling...
  kdf.c
  logging.c
  md2.c
  md4.c
  md5.c
  memory.c
  pkcs7.c
  pkcs12.c
  poly1305.c
  pwdbased.c
  random.c
  rc2.c
  ripemd.c
  rsa.c
  sha.c
  sha256.c
  sha3.c
  sha512.c
  signature.c
  sp_c32.c
  Generating Code...
  Compiling...
  sp_c64.c
  sp_int.c
  sp_x86_64.c
  srp.c
  tfm.c
  wc_encrypt.c
  wc_pkcs11.c
  wc_port.c
  wolfmath.c
  wolfevent.c
  Generating Code...
  wolfssl.vcxproj -> C:\Users\awsle\Desktop\wolfssl-5.5.4\Debug\x64\wolfssl.lib
